<?xml version="1.0" encoding="UTF-8"?>
<!-- Generated by org.testng.reporters.JUnitReportReporter -->
<testsuite hostname="Kanwar07" failures="0" tests="4" name="ObjectClasses.Test_01" time="250.988" errors="0" timestamp="2023-06-08T17:22:02 IST" skipped="0">
  <testcase classname="ObjectClasses.Test_01" name="loginPageTest" time="37.927"/>
  <system-out/>
  <testcase classname="ObjectClasses.Test_01" name="homepageTest" time="107.466"/>
  <system-out/>
  <testcase classname="ObjectClasses.Test_01" name="productdetailpageTest" time="67.185"/>
  <system-out/>
  <testcase classname="ObjectClasses.Test_01" name="addtocartTest" time="38.410"/>
  <system-out/>
</testsuite> <!-- ObjectClasses.Test_01 -->
